app/build/intermediates/manifest_merge_blame_file/debug/manifest-merger-blame-debug-report.txt
1<?xml version="1.0" encoding="utf-8"?>
2<manifest xmlns:android="http://schemas.android.com/apk/res/android"
3    package="com.android.gl2jni" >
4
5    <uses-sdk
6        android:minSdkVersion="24"
6-->src\main\AndroidManifest.xml
7        android:targetSdkVersion="29" />
7-->src\main\AndroidManifest.xml
8
9    <uses-permission android:name="android.permission.READ_EXTERNAL_STORAGE" />
9-->src\main\AndroidManifest.xml:5:5-79
9-->src\main\AndroidManifest.xml:5:22-77
10    <uses-permission android:name="android.permission.WRITE_EXTERNAL_STORAGE" />
10-->src\main\AndroidManifest.xml:6:5-80
10-->src\main\AndroidManifest.xml:6:22-78
11    <uses-permission android:name="android.permission.ACCESS_COARSE_LOCATION" />
11-->src\main\AndroidManifest.xml:7:5-81
11-->src\main\AndroidManifest.xml:7:22-78
12    <uses-permission android:name="android.permission.ACCESS_FINE_LOCATION" />
12-->src\main\AndroidManifest.xml:8:5-79
12-->src\main\AndroidManifest.xml:8:22-76
13
14    <uses-feature android:glEsVersion="0x00020000" />
14-->src\main\AndroidManifest.xml:9:5-54
14-->src\main\AndroidManifest.xml:9:19-51
15
16    <application
16-->src\main\AndroidManifest.xml:10:5-27:19
17        android:allowBackup="false"
17-->src\main\AndroidManifest.xml:11:9-36
18        android:debuggable="true"
19        android:extractNativeLibs="false"
20        android:fullBackupContent="false"
20-->src\main\AndroidManifest.xml:12:9-42
21        android:icon="@mipmap/ic_launcher"
21-->src\main\AndroidManifest.xml:13:9-43
22        android:label="@string/gl2jni_activity"
22-->src\main\AndroidManifest.xml:14:9-48
23        android:requestLegacyExternalStorage="true"
23-->src\main\AndroidManifest.xml:15:9-52
24        android:testOnly="true" >
25        <activity
25-->src\main\AndroidManifest.xml:16:9-26:20
26            android:name="com.android.gl2jni.GL2JNIActivity"
26-->src\main\AndroidManifest.xml:17:13-42
27            android:configChanges="orientation|keyboardHidden"
27-->src\main\AndroidManifest.xml:18:13-63
28            android:launchMode="singleTask"
28-->src\main\AndroidManifest.xml:19:13-44
29            android:screenOrientation="landscape"
29-->src\main\AndroidManifest.xml:21:13-50
30            android:theme="@android:style/Theme.NoTitleBar.Fullscreen" >
30-->src\main\AndroidManifest.xml:20:13-71
31            <intent-filter>
31-->src\main\AndroidManifest.xml:22:13-25:29
32                <action android:name="android.intent.action.MAIN" />
32-->src\main\AndroidManifest.xml:23:17-69
32-->src\main\AndroidManifest.xml:23:25-66
33
34                <category android:name="android.intent.category.LAUNCHER" />
34-->src\main\AndroidManifest.xml:24:17-77
34-->src\main\AndroidManifest.xml:24:27-74
35            </intent-filter>
36        </activity>
37    </application>
38
39</manifest>